[debug] [2023-07-28T02:45:39.659Z] ----------------------------------------------------------------------
[debug] [2023-07-28T02:45:39.661Z] Command:       C:\Program Files\nodejs\node.exe C:\Users\Administrativo\AppData\Roaming\npm\node_modules\firebase-tools\lib\bin\firebase.js init
[debug] [2023-07-28T02:45:39.662Z] CLI Version:   12.4.6
[debug] [2023-07-28T02:45:39.662Z] Platform:      win32
[debug] [2023-07-28T02:45:39.663Z] Node Version:  v18.17.0
[debug] [2023-07-28T02:45:39.664Z] Time:          Thu Jul 27 2023 22:45:39 GMT-0400 (hora estándar de Chile)
[debug] [2023-07-28T02:45:39.664Z] ----------------------------------------------------------------------
[debug] 
[debug] [2023-07-28T02:45:39.673Z] > command requires scopes: ["email","openid","https://www.googleapis.com/auth/cloudplatformprojects.readonly","https://www.googleapis.com/auth/firebase","https://www.googleapis.com/auth/cloud-platform"]
[debug] [2023-07-28T02:45:39.674Z] > authorizing via signed-in user (pakkuzerox@gmail.com)
[info] 
     ######## #### ########  ######## ########     ###     ######  ########
     ##        ##  ##     ## ##       ##     ##  ##   ##  ##       ##
     ######    ##  ########  ######   ########  #########  ######  ######
     ##        ##  ##    ##  ##       ##     ## ##     ##       ## ##
     ##       #### ##     ## ######## ########  ##     ##  ######  ########

You're about to initialize a Firebase project in this directory:

  C:\Users\Administrativo\Desktop\Eva4

[info] 
=== Project Setup
[info] 
[info] First, let's associate this project directory with a Firebase project.
[info] You can create multiple project aliases by running firebase use --add, 
[info] but for now we'll just set up a default project.
[info] 
[debug] [2023-07-28T02:48:19.919Z] >>> [apiv2][query] GET https://firebase.googleapis.com/v1beta1/projects pageSize=100
[debug] [2023-07-28T02:48:20.593Z] <<< [apiv2][status] GET https://firebase.googleapis.com/v1beta1/projects 200
[debug] [2023-07-28T02:48:20.593Z] <<< [apiv2][body] GET https://firebase.googleapis.com/v1beta1/projects [omitted]
[info] i  Using project iei2023 (IEI2023) 
[info] 
=== Hosting Setup
[info] 
[info] Your public directory is the folder (relative to your project directory) that
[info] will contain Hosting assets to be uploaded with firebase deploy. If you
[info] have a build process for your assets, use your build's output directory.
[info] 
[info] +  Wrote public/404.html 
[debug] [2023-07-28T02:52:48.513Z] >>> [apiv2][query] GET https://www.gstatic.com/firebasejs/releases.json [none]
[debug] [2023-07-28T02:52:48.732Z] <<< [apiv2][status] GET https://www.gstatic.com/firebasejs/releases.json 200
[debug] [2023-07-28T02:52:48.732Z] <<< [apiv2][body] GET https://www.gstatic.com/firebasejs/releases.json {"current":{"version":"10.1.0","browserURL":"https://www.gstatic.com/firebasejs/10.1.0/firebase.js","packageURL":"https://www.gstatic.com/firebasejs/10.1.0/firebase.tgz"},"live":{"version":"10.1","browserURL":"https://www.gstatic.com/firebasejs/live/10.1/firebase.js","packageURL":"https://www.gstatic.com/firebasejs/live/10.1/firebase.tgz"},"components":{"analytics":"https://www.gstatic.com/firebasejs/10.1.0/firebase-analytics.js","app":"https://www.gstatic.com/firebasejs/10.1.0/firebase-app.js","app-check":"https://www.gstatic.com/firebasejs/10.1.0/firebase-app-check.js","auth":"https://www.gstatic.com/firebasejs/10.1.0/firebase-auth.js","auth/cordova":"https://www.gstatic.com/firebasejs/10.1.0/firebase-auth/cordova.js","functions":"https://www.gstatic.com/firebasejs/10.1.0/firebase-functions.js","firestore":"https://www.gstatic.com/firebasejs/10.1.0/firebase-firestore.js","firestore/lite":"https://www.gstatic.com/firebasejs/10.1.0/firebase-firestore/lite.js","installations":"https://www.gstatic.com/firebasejs/10.1.0/firebase-installations.js","storage":"https://www.gstatic.com/firebasejs/10.1.0/firebase-storage.js","performance":"https://www.gstatic.com/firebasejs/10.1.0/firebase-performance.js","remote-config":"https://www.gstatic.com/firebasejs/10.1.0/firebase-remote-config.js","messaging":"https://www.gstatic.com/firebasejs/10.1.0/firebase-messaging.js","messaging/sw":"https://www.gstatic.com/firebasejs/10.1.0/firebase-messaging/sw.js","database":"https://www.gstatic.com/firebasejs/10.1.0/firebase-database.js","firestore.memory":"https://www.gstatic.com/firebasejs/10.1.0/firebase-firestore.memory.js"}}
[info] +  Wrote public/index.html 
[info] 
[info] i  Detected a .git folder at C:\Users\Administrativo\Desktop\Eva4 
[info] i  Authorizing with GitHub to upload your service account to a GitHub repository's secrets store. 
[info] 
[info] Visit this URL on this device to log in:
[info] https://github.com/login/oauth/authorize?client_id=89cf50f02ac6aaed3484&state=48729508&redirect_uri=http%3A%2F%2Flocalhost%3A9005&scope=read%3Auser%20repo%20public_repo
[info] 
[info] Waiting for authentication...
[debug] [2023-07-28T02:53:12.414Z] >>> [apiv2][query] POST https://github.com/login/oauth/access_token [none]
[debug] [2023-07-28T02:53:12.414Z] >>> [apiv2][body] POST https://github.com/login/oauth/access_token [stream]
[debug] [2023-07-28T02:53:12.883Z] <<< [apiv2][status] POST https://github.com/login/oauth/access_token 200
[debug] [2023-07-28T02:53:12.883Z] <<< [apiv2][body] POST https://github.com/login/oauth/access_token {"access_token":"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","token_type":"bearer","scope":"read:user,repo"}
[debug] [2023-07-28T02:53:12.897Z] >>> [apiv2][query] GET https://api.github.com/user [none]
[debug] [2023-07-28T02:53:13.353Z] <<< [apiv2][status] GET https://api.github.com/user 200
[debug] [2023-07-28T02:53:13.354Z] <<< [apiv2][body] GET https://api.github.com/user {"login":"J-Arce","id":131201147,"node_id":"U_kgDOB9H4ew","avatar_url":"https://avatars.githubusercontent.com/u/131201147?v=4","gravatar_id":"","url":"https://api.github.com/users/J-Arce","html_url":"https://github.com/J-Arce","followers_url":"https://api.github.com/users/J-Arce/followers","following_url":"https://api.github.com/users/J-Arce/following{/other_user}","gists_url":"https://api.github.com/users/J-Arce/gists{/gist_id}","starred_url":"https://api.github.com/users/J-Arce/starred{/owner}{/repo}","subscriptions_url":"https://api.github.com/users/J-Arce/subscriptions","organizations_url":"https://api.github.com/users/J-Arce/orgs","repos_url":"https://api.github.com/users/J-Arce/repos","events_url":"https://api.github.com/users/J-Arce/events{/privacy}","received_events_url":"https://api.github.com/users/J-Arce/received_events","type":"User","site_admin":false,"name":null,"company":null,"blog":"","location":null,"email":null,"hireable":null,"bio":null,"twitter_username":null,"public_repos":6,"public_gists":0,"followers":0,"following":0,"created_at":"2023-04-18T19:21:32Z","updated_at":"2023-07-26T01:55:17Z","private_gists":0,"total_private_repos":5,"owned_private_repos":5,"disk_usage":16276,"collaborators":0,"two_factor_authentication":false,"plan":{"name":"free","space":976562499,"collaborators":0,"private_repos":10000}}
[info] 
[info] +  Success! Logged into GitHub as J-Arce 
[info] 
